{
  "RSpec": {
    "coverage": {
      "/home/wolv/blocio/blocmarks/config/environment.rb": [
        null,
        1,
        null,
        null,
        1
      ],
      "/home/wolv/blocio/blocmarks/config/environments/test.rb": [
        1,
        null,
        null,
        null,
        null,
        null,
        null,
        1,
        null,
        null,
        null,
        null,
        1,
        null,
        null,
        1,
        1,
        null,
        null,
        1,
        1,
        null,
        null,
        1,
        null,
        null,
        1,
        null,
        null,
        null,
        null,
        1,
        null,
        null,
        1,
        null,
        null,
        1,
        null,
        null,
        null,
        null
      ],
      "/home/wolv/blocio/blocmarks/config/initializers/assets.rb": [
        null,
        null,
        null,
        1,
        null,
        null,
        null,
        null,
        null,
        null,
        null
      ],
      "/home/wolv/blocio/blocmarks/config/initializers/backtrace_silencers.rb": [
        null,
        null,
        null,
        null,
        null,
        null,
        null
      ],
      "/home/wolv/blocio/blocmarks/config/initializers/cookies_serializer.rb": [
        null,
        null,
        1
      ],
      "/home/wolv/blocio/blocmarks/config/initializers/filter_parameter_logging.rb": [
        null,
        null,
        null,
        1
      ],
      "/home/wolv/blocio/blocmarks/config/initializers/inflections.rb": [
        null,
        null,
        null,
        null,
        null,
        null,
        null,
        null,
        null,
        null,
        null,
        null,
        null,
        null,
        null,
        null
      ],
      "/home/wolv/blocio/blocmarks/config/initializers/mail.rb": [
        1,
        null,
        null,
        null,
        null,
        null,
        null,
        null,
        null,
        1,
        null,
        null,
        1
      ],
      "/home/wolv/blocio/blocmarks/config/initializers/mime_types.rb": [
        null,
        null,
        null,
        null
      ],
      "/home/wolv/blocio/blocmarks/config/initializers/session_store.rb": [
        null,
        null,
        1
      ],
      "/home/wolv/blocio/blocmarks/config/initializers/setup_mail.rb": [
        1,
        0,
        0,
        null,
        null,
        null,
        null,
        null,
        null,
        null,
        null,
        null
      ],
      "/home/wolv/blocio/blocmarks/config/initializers/wrap_parameters.rb": [
        null,
        null,
        null,
        null,
        null,
        null,
        1,
        1,
        null,
        null,
        null,
        null,
        null,
        null
      ],
      "/home/wolv/blocio/blocmarks/config/routes.rb": [
        1,
        null,
        1,
        null,
        1,
        1,
        1,
        1,
        null,
        1,
        null,
        1,
        1,
        1,
        1,
        1,
        null,
        null,
        null,
        null,
        null,
        null,
        null,
        null,
        null,
        null,
        null,
        null,
        null,
        null,
        null,
        null,
        null,
        null,
        null,
        null,
        null,
        null,
        null,
        null,
        null,
        null,
        null,
        null,
        null,
        null,
        null,
        null,
        null,
        null,
        null,
        null,
        null,
        null,
        null,
        null,
        null,
        null,
        null,
        null,
        null,
        null,
        null,
        null,
        null,
        null,
        null,
        null,
        null,
        null,
        null,
        null
      ],
      "/home/wolv/blocio/blocmarks/test/controllers/users_controller_test.rb": [
        1,
        null,
        1,
        null
      ],
      "/home/wolv/blocio/blocmarks/test/models/bookmark_test.rb": [
        1,
        null,
        1,
        null,
        null,
        null,
        null
      ],
      "/home/wolv/blocio/blocmarks/test/models/topic_test.rb": [
        1,
        null,
        1,
        null,
        null,
        null,
        null
      ],
      "/home/wolv/blocio/blocmarks/test/models/user_test.rb": [
        1,
        null,
        1,
        1,
        1,
        null,
        null,
        null,
        null,
        null,
        1,
        null,
        1,
        null,
        1,
        null,
        null
      ],
      "/home/wolv/blocio/blocmarks/app/models/topic.rb": [
        1,
        1,
        1,
        null,
        1,
        null,
        null,
        null
      ],
      "/home/wolv/blocio/blocmarks/app/models/user.rb": [
        1,
        1,
        1,
        3,
        null,
        1,
        null,
        null,
        null,
        1,
        0,
        0,
        0,
        0,
        null,
        null,
        1,
        null,
        3,
        3,
        null,
        null,
        null,
        null,
        null,
        null,
        null
      ],
      "/home/wolv/blocio/blocmarks/app/models/bookmark.rb": [
        1,
        1,
        null,
        null
      ],
      "/home/wolv/blocio/blocmarks/app/controllers/incoming_controller.rb": [
        1,
        1,
        null,
        1,
        null,
        null,
        1,
        1,
        1,
        1,
        null,
        1,
        null,
        1,
        null,
        null,
        1,
        null,
        null
      ],
      "/home/wolv/blocio/blocmarks/app/controllers/application_controller.rb": [
        1,
        null,
        null,
        1,
        null,
        null,
        1,
        0,
        null,
        1,
        null
      ],
      "/home/wolv/blocio/blocmarks/app/helpers/application_helper.rb": [
        1,
        null
      ],
      "/home/wolv/blocio/blocmarks/app/helpers/incoming_helper.rb": [
        1,
        null
      ],
      "/home/wolv/blocio/blocmarks/app/helpers/password_helper.rb": [
        1,
        null
      ],
      "/home/wolv/blocio/blocmarks/app/helpers/sessions_helper.rb": [
        1,
        null
      ],
      "/home/wolv/blocio/blocmarks/app/helpers/users_helper.rb": [
        1,
        null
      ],
      "/home/wolv/blocio/blocmarks/app/helpers/welcome_helper.rb": [
        1,
        null
      ]
    },
    "timestamp": 1437503203
  }
}
